<?xml version="1.0" encoding="UTF-8"?>
<testng-results skipped="0" failed="0" total="1" passed="1">
  <reporter-output>
    <line>
      <![CDATA[no of rows in webtable is=7<br>]]>
    </line>
    <line>
      <![CDATA[no of colums in webtable is=3<br>]]>
    </line>
    <line>
      <![CDATA[row=2,col=1,text=Alfreds Futterkiste<br>]]>
    </line>
    <line>
      <![CDATA[row=2,col=2,text=Maria Anders<br>]]>
    </line>
    <line>
      <![CDATA[row=2,col=3,text=Germany<br>]]>
    </line>
    <line>
      <![CDATA[row=3,col=1,text=Centro comercial Moctezuma<br>]]>
    </line>
    <line>
      <![CDATA[row=3,col=2,text=Francisco Chang<br>]]>
    </line>
    <line>
      <![CDATA[row=3,col=3,text=Mexico<br>]]>
    </line>
    <line>
      <![CDATA[row=4,col=1,text=Ernst Handel<br>]]>
    </line>
    <line>
      <![CDATA[row=4,col=2,text=Roland Mendel<br>]]>
    </line>
    <line>
      <![CDATA[row=4,col=3,text=Austria<br>]]>
    </line>
    <line>
      <![CDATA[row=5,col=1,text=Island Trading<br>]]>
    </line>
    <line>
      <![CDATA[row=5,col=2,text=Helen Bennett<br>]]>
    </line>
    <line>
      <![CDATA[row=5,col=3,text=UK<br>]]>
    </line>
    <line>
      <![CDATA[row=6,col=1,text=Laughing Bacchus Winecellars<br>]]>
    </line>
    <line>
      <![CDATA[row=6,col=2,text=Yoshi Tannamuri<br>]]>
    </line>
    <line>
      <![CDATA[row=6,col=3,text=Canada<br>]]>
    </line>
    <line>
      <![CDATA[row=7,col=1,text=Magazzini Alimentari Riuniti<br>]]>
    </line>
    <line>
      <![CDATA[row=7,col=2,text=Giovanni Rovelli<br>]]>
    </line>
    <line>
      <![CDATA[row=7,col=3,text=Italy<br>]]>
    </line>
  </reporter-output>
  <suite name="TrainingTestSuite" duration-ms="56316" started-at="2024-07-31T02:00:03Z" finished-at="2024-07-31T02:01:00Z">
    <groups>
    </groups>
    <test name="Testing the functionality of acttime applicaiton" duration-ms="56316" started-at="2024-07-31T02:00:03Z" finished-at="2024-07-31T02:01:00Z">
      <class name="testngscript.Handling_webtable">
        <test-method status="PASS" signature="Launchbrowser(java.lang.String, java.lang.String)[pri:0, instance:testngscript.Handling_webtable@194d431]" name="Launchbrowser" is-config="true" duration-ms="4516" started-at="2024-07-30T22:00:03Z" finished-at="2024-07-30T22:00:08Z">
          <params>
            <param index="0">
              <value>
                <![CDATA[chrome]]>
              </value>
            </param>
            <param index="1">
              <value>
                <![CDATA[https://www.w3schools.com/]]>
              </value>
            </param>
          </params>
          <reporter-output>
          </reporter-output>
        </test-method> <!-- Launchbrowser -->
        <test-method status="PASS" signature="WebTable()[pri:0, instance:testngscript.Handling_webtable@194d431]" name="WebTable" duration-ms="51790" started-at="2024-07-30T22:00:08Z" finished-at="2024-07-30T22:01:00Z">
          <reporter-output>
            <line>
              <![CDATA[no of rows in webtable is=7<br>]]>
            </line>
            <line>
              <![CDATA[no of colums in webtable is=3<br>]]>
            </line>
            <line>
              <![CDATA[row=2,col=1,text=Alfreds Futterkiste<br>]]>
            </line>
            <line>
              <![CDATA[row=2,col=2,text=Maria Anders<br>]]>
            </line>
            <line>
              <![CDATA[row=2,col=3,text=Germany<br>]]>
            </line>
            <line>
              <![CDATA[row=3,col=1,text=Centro comercial Moctezuma<br>]]>
            </line>
            <line>
              <![CDATA[row=3,col=2,text=Francisco Chang<br>]]>
            </line>
            <line>
              <![CDATA[row=3,col=3,text=Mexico<br>]]>
            </line>
            <line>
              <![CDATA[row=4,col=1,text=Ernst Handel<br>]]>
            </line>
            <line>
              <![CDATA[row=4,col=2,text=Roland Mendel<br>]]>
            </line>
            <line>
              <![CDATA[row=4,col=3,text=Austria<br>]]>
            </line>
            <line>
              <![CDATA[row=5,col=1,text=Island Trading<br>]]>
            </line>
            <line>
              <![CDATA[row=5,col=2,text=Helen Bennett<br>]]>
            </line>
            <line>
              <![CDATA[row=5,col=3,text=UK<br>]]>
            </line>
            <line>
              <![CDATA[row=6,col=1,text=Laughing Bacchus Winecellars<br>]]>
            </line>
            <line>
              <![CDATA[row=6,col=2,text=Yoshi Tannamuri<br>]]>
            </line>
            <line>
              <![CDATA[row=6,col=3,text=Canada<br>]]>
            </line>
            <line>
              <![CDATA[row=7,col=1,text=Magazzini Alimentari Riuniti<br>]]>
            </line>
            <line>
              <![CDATA[row=7,col=2,text=Giovanni Rovelli<br>]]>
            </line>
            <line>
              <![CDATA[row=7,col=3,text=Italy<br>]]>
            </line>
          </reporter-output>
        </test-method> <!-- WebTable -->
      </class> <!-- testngscript.Handling_webtable -->
    </test> <!-- Testing the functionality of acttime applicaiton -->
  </suite> <!-- TrainingTestSuite -->
</testng-results>
